<?xml version="1.0" encoding="utf-8"?><testsuites name="pytest tests"><testsuite name="pytest" errors="0" failures="0" skipped="0" tests="12" time="4.735" timestamp="2026-07-03T07:34:02.469333+00:00" hostname="agent-env-0c150b7c-d4bd-49b7-9121-8ae7d982fc95"><testcase classname="tests.test_iteration4.TestPaymentMethods" name="test_list_seeded" time="0.268" /><testcase classname="tests.test_iteration4.TestPaymentMethods" name="test_only_enabled_filter" time="0.765" /><testcase classname="tests.test_iteration4.TestPaymentMethods" name="test_crud" time="0.492" /><testcase classname="tests.test_iteration4.TestPaymentMethods" name="test_create_requires_auth" time="0.098" /><testcase classname="tests.test_iteration4.TestBackupRestore" name="test_backup_download" time="0.139" /><testcase classname="tests.test_iteration4.TestBackupRestore" name="test_restore_roundtrip" time="0.346" /><testcase classname="tests.test_iteration4.TestBackupRestore" name="test_backup_requires_auth" time="0.101" /><testcase classname="tests.test_iteration4.TestGalleryReorder" name="test_reorder" time="0.379" /><testcase classname="tests.test_iteration4.TestGalleryReorder" name="test_reorder_requires_auth" time="0.101" /><testcase classname="tests.test_iteration4.TestUploadImage" name="test_upload_and_fetch" time="1.504" /><testcase classname="tests.test_iteration4.TestUploadImage" name="test_upload_requires_auth" time="0.089" /><testcase classname="tests.test_iteration4.TestBusinessInfoNewFields" name="test_new_fields_present_and_persist" time="0.371" /></testsuite></testsuites>