<?xml version="1.0" encoding="utf-8"?><testsuites name="pytest tests"><testsuite name="pytest" errors="0" failures="0" skipped="0" tests="14" time="6.794" timestamp="2026-07-01T07:12:39.731606+00:00" hostname="agent-env-0c150b7c-d4bd-49b7-9121-8ae7d982fc95"><testcase classname="tests.test_iteration3.TestBrochurePDF" name="test_brochure_pdf" time="0.257" /><testcase classname="tests.test_iteration3.TestProjects" name="test_public_list" time="0.097" /><testcase classname="tests.test_iteration3.TestProjects" name="test_only_visible_filter" time="0.101" /><testcase classname="tests.test_iteration3.TestProjects" name="test_crud" time="0.832" /><testcase classname="tests.test_iteration3.TestProjects" name="test_create_requires_auth" time="0.098" /><testcase classname="tests.test_iteration3.TestForgotReset" name="test_forgot_unknown_email_no_leak" time="0.104" /><testcase classname="tests.test_iteration3.TestForgotReset" name="test_forgot_and_reset_full_flow" time="1.576" /><testcase classname="tests.test_iteration3.TestForgotReset" name="test_reset_short_password" time="0.195" /><testcase classname="tests.test_iteration3.TestChangePassword" name="test_wrong_current" time="0.321" /><testcase classname="tests.test_iteration3.TestChangePassword" name="test_change_then_revert" time="1.712" /><testcase classname="tests.test_iteration3.TestBusinessInfoGAGSC" name="test_ga_gsc_fields" time="0.414" /><testcase classname="tests.test_iteration3.TestAsyncStorage" name="test_gallery_upload_and_get" time="0.829" /><testcase classname="tests.test_iteration3.TestSEORegression" name="test_robots" time="0.094" /><testcase classname="tests.test_iteration3.TestSEORegression" name="test_sitemap_public_url" time="0.098" /></testsuite></testsuites>