<?xml version="1.0" encoding="utf-8"?><testsuites name="pytest tests"><testsuite name="pytest" errors="0" failures="3" skipped="0" tests="10" time="5.144" timestamp="2026-07-01T06:43:41.884614+00:00" hostname="agent-env-0c150b7c-d4bd-49b7-9121-8ae7d982fc95"><testcase classname="tests.test_iteration2.TestBusinessInfoExtras" name="test_extras_present" time="0.197" /><testcase classname="tests.test_iteration2.TestBusinessInfoExtras" name="test_admin_can_edit_extras" time="0.736" /><testcase classname="tests.test_iteration2.TestSeeds" name="test_ms_heavy_price" time="0.106" /><testcase classname="tests.test_iteration2.TestSeeds" name="test_gallery_seeded" time="0.097" /><testcase classname="tests.test_iteration2.TestSEO" name="test_robots" time="0.092" /><testcase classname="tests.test_iteration2.TestSEO" name="test_sitemap" time="0.100" /><testcase classname="tests.test_iteration2.TestAIChat" name="test_chat_returns_reply" time="1.208" /><testcase classname="tests.test_iteration2.TestLockout" name="test_lockout_after_5_fails" time="0.594"><failure message="AssertionError: Expected lockout 429, got 401: {&quot;detail&quot;:&quot;Invalid email or password&quot;}&#10;assert 401 == 429&#10; +  where 401 = &lt;Response [401]&gt;.status_code">backend/tests/test_iteration2.py:107: in test_lockout_after_5_fails
    assert r.status_code == 429, f"Expected lockout 429, got {r.status_code}: {r.text}"
E   AssertionError: Expected lockout 429, got 401: {"detail":"Invalid email or password"}
E   assert 401 == 429
E    +  where 401 = &lt;Response [401]&gt;.status_code</failure></testcase><testcase classname="tests.test_iteration2.TestRateLimits" name="test_newsletter_rate_limit" time="0.770"><failure message="AssertionError: Newsletter rate limit not triggered within 8 requests&#10;assert False">backend/tests/test_iteration2.py:121: in test_newsletter_rate_limit
    assert seen_429, "Newsletter rate limit not triggered within 8 requests"
E   AssertionError: Newsletter rate limit not triggered within 8 requests
E   assert False</failure></testcase><testcase classname="tests.test_iteration2.TestRateLimits" name="test_pickup_rate_limit" time="1.145"><failure message="AssertionError: Pickup rate limit not triggered within 12 requests&#10;assert False">backend/tests/test_iteration2.py:131: in test_pickup_rate_limit
    assert seen_429, "Pickup rate limit not triggered within 12 requests"
E   AssertionError: Pickup rate limit not triggered within 12 requests
E   assert False</failure></testcase></testsuite></testsuites>