<?xml version="1.0" encoding="utf-8"?><testsuites name="pytest tests"><testsuite name="pytest" errors="0" failures="0" skipped="0" tests="24" time="3.848" timestamp="2026-07-01T06:17:12.519246+00:00" hostname="agent-env-0c150b7c-d4bd-49b7-9121-8ae7d982fc95"><testcase classname="tests.backend_test.TestPrices" name="test_list_prices_seeded" time="0.155" /><testcase classname="tests.backend_test.TestPrices" name="test_only_visible_filter" time="0.249" /><testcase classname="tests.backend_test.TestAuth" name="test_login_success" time="0.406" /><testcase classname="tests.backend_test.TestAuth" name="test_login_wrong_password" time="0.555" /><testcase classname="tests.backend_test.TestPrices" name="test_prices_crud_and_previous_tracking" time="0.864" /><testcase classname="tests.backend_test.TestAuth" name="test_me_requires_token" time="0.181" /><testcase classname="tests.backend_test.TestAuth" name="test_me_with_token" time="0.106" /><testcase classname="tests.backend_test.TestBusinessInfo" name="test_get_business_info" time="0.095" /><testcase classname="tests.backend_test.TestPrices" name="test_export_csv" time="0.125" /><testcase classname="tests.backend_test.TestBusinessInfo" name="test_update_business_info_requires_auth" time="0.112" /><testcase classname="tests.backend_test.TestPrices" name="test_import_csv" time="0.348" /><testcase classname="tests.backend_test.TestBusinessInfo" name="test_update_business_info" time="0.446" /><testcase classname="tests.backend_test.TestPickup" name="test_public_create" time="0.126" /><testcase classname="tests.backend_test.TestPickup" name="test_list_requires_admin" time="0.094" /><testcase classname="tests.backend_test.TestServices" name="test_list_services_seeded" time="0.112" /><testcase classname="tests.backend_test.TestPickup" name="test_list_status_update_delete" time="0.536" /><testcase classname="tests.backend_test.TestServices" name="test_services_crud" time="0.312" /><testcase classname="tests.backend_test.TestFaqs" name="test_list" time="0.097" /><testcase classname="tests.backend_test.TestFaqs" name="test_crud" time="0.241" /><testcase classname="tests.backend_test.TestTestimonials" name="test_list" time="0.096" /><testcase classname="tests.backend_test.TestTestimonials" name="test_crud" time="0.699" /><testcase classname="tests.backend_test.TestUploads" name="test_pickup_upload_and_get" time="0.629" /><testcase classname="tests.backend_test.TestUploads" name="test_gallery_upload_requires_admin" time="0.095" /><testcase classname="tests.backend_test.TestNewsletter" name="test_subscribe" time="0.162" /></testsuite></testsuites>